<?xml version="1.0" encoding="UTF-8"?>
<testng-results skipped="0" failed="1" ignored="0" total="3" passed="2">
  <reporter-output>
    <line>
      <![CDATA[======Application opened=====]]>
    </line>
    <line>
      <![CDATA[===Driver quit completed===]]>
    </line>
    <line>
      <![CDATA[======Application opened=====]]>
    </line>
    <line>
      <![CDATA[===Driver quit completed===]]>
    </line>
    <line>
      <![CDATA[======Application opened=====]]>
    </line>
    <line>
      <![CDATA[Issue while taking screenshot]]>
    </line>
    <line>
      <![CDATA[Issue while taking screenshot]]>
    </line>
    <line>
      <![CDATA[===Driver quit completed===]]>
    </line>
  </reporter-output>
  <suite name="AppiumProjectMaven by packages" duration-ms="257477" started-at="2019-06-16T06:42:32Z" finished-at="2019-06-16T06:46:49Z">
    <groups>
    </groups>
    <test name="tests.makemytrip" duration-ms="257477" started-at="2019-06-16T06:42:32Z" finished-at="2019-06-16T06:46:49Z">
      <class name="tests.makemytrip.Dragdroptest">
        <test-method status="PASS" signature="initiate()[pri:0, instance:tests.makemytrip.Dragdroptest@179bb86]" name="initiate" is-config="true" duration-ms="53983" started-at="2019-06-16T06:44:07Z" finished-at="2019-06-16T06:45:01Z">
          <reporter-output>
            <line>
              <![CDATA[======Application opened=====]]>
            </line>
          </reporter-output>
        </test-method> <!-- initiate -->
        <test-method status="PASS" signature="dragdrop()[pri:0, instance:tests.makemytrip.Dragdroptest@179bb86]" name="dragdrop" duration-ms="18072" started-at="2019-06-16T06:45:01Z" finished-at="2019-06-16T06:45:19Z">
          <reporter-output>
          </reporter-output>
        </test-method> <!-- dragdrop -->
        <test-method status="PASS" signature="exit()[pri:0, instance:tests.makemytrip.Dragdroptest@179bb86]" name="exit" is-config="true" duration-ms="19635" started-at="2019-06-16T06:45:19Z" finished-at="2019-06-16T06:45:38Z">
          <reporter-output>
            <line>
              <![CDATA[===Driver quit completed===]]>
            </line>
          </reporter-output>
        </test-method> <!-- exit -->
      </class> <!-- tests.makemytrip.Dragdroptest -->
      <class name="tests.makemytrip.MMTCredentials_01">
        <test-method status="PASS" signature="initiate()[pri:0, instance:tests.makemytrip.MMTCredentials_01@4062d]" name="initiate" is-config="true" duration-ms="52443" started-at="2019-06-16T06:45:38Z" finished-at="2019-06-16T06:46:31Z">
          <reporter-output>
            <line>
              <![CDATA[======Application opened=====]]>
            </line>
          </reporter-output>
        </test-method> <!-- initiate -->
        <test-method status="FAIL" signature="HomepageVerify()[pri:0, instance:tests.makemytrip.MMTCredentials_01@4062d]" name="HomepageVerify" duration-ms="8655" started-at="2019-06-16T06:46:31Z" finished-at="2019-06-16T06:46:39Z">
          <exception class="java.lang.AssertionError">
            <message>
              <![CDATA[expected [false] but found [true]]]>
            </message>
            <full-stacktrace>
              <![CDATA[java.lang.AssertionError: expected [false] but found [true]
at org.testng.Assert.fail(Assert.java:96)
at org.testng.Assert.failNotEquals(Assert.java:776)
at org.testng.Assert.assertFalse(Assert.java:65)
at org.testng.Assert.assertFalse(Assert.java:75)
at tests.makemytrip.MMTCredentials_01.HomepageVerify(MMTCredentials_01.java:25)
at sun.reflect.NativeMethodAccessorImpl.invoke0(Native Method)
at sun.reflect.NativeMethodAccessorImpl.invoke(Unknown Source)
at sun.reflect.DelegatingMethodAccessorImpl.invoke(Unknown Source)
at java.lang.reflect.Method.invoke(Unknown Source)
at org.testng.internal.MethodInvocationHelper.invokeMethod(MethodInvocationHelper.java:124)
at org.testng.internal.Invoker.invokeMethod(Invoker.java:583)
at org.testng.internal.Invoker.invokeTestMethod(Invoker.java:719)
at org.testng.internal.Invoker.invokeTestMethods(Invoker.java:989)
at org.testng.internal.TestMethodWorker.invokeTestMethods(TestMethodWorker.java:125)
at org.testng.internal.TestMethodWorker.run(TestMethodWorker.java:109)
at org.testng.TestRunner.privateRun(TestRunner.java:648)
at org.testng.TestRunner.run(TestRunner.java:505)
at org.testng.SuiteRunner.runTest(SuiteRunner.java:455)
at org.testng.SuiteRunner.runSequentially(SuiteRunner.java:450)
at org.testng.SuiteRunner.privateRun(SuiteRunner.java:415)
at org.testng.SuiteRunner.run(SuiteRunner.java:364)
at org.testng.SuiteRunnerWorker.runSuite(SuiteRunnerWorker.java:52)
at org.testng.SuiteRunnerWorker.run(SuiteRunnerWorker.java:84)
at org.testng.TestNG.runSuitesSequentially(TestNG.java:1208)
at org.testng.TestNG.runSuitesLocally(TestNG.java:1137)
at org.testng.TestNG.runSuites(TestNG.java:1049)
at org.testng.TestNG.run(TestNG.java:1017)
at org.testng.remote.AbstractRemoteTestNG.run(AbstractRemoteTestNG.java:114)
at org.testng.remote.RemoteTestNG.initAndRun(RemoteTestNG.java:251)
at org.testng.remote.RemoteTestNG.main(RemoteTestNG.java:77)
]]>
            </full-stacktrace>
          </exception> <!-- java.lang.AssertionError -->
          <reporter-output>
            <line>
              <![CDATA[Issue while taking screenshot]]>
            </line>
            <line>
              <![CDATA[Issue while taking screenshot]]>
            </line>
          </reporter-output>
        </test-method> <!-- HomepageVerify -->
        <test-method status="PASS" signature="exit()[pri:0, instance:tests.makemytrip.MMTCredentials_01@4062d]" name="exit" is-config="true" duration-ms="10135" started-at="2019-06-16T06:46:39Z" finished-at="2019-06-16T06:46:49Z">
          <reporter-output>
            <line>
              <![CDATA[===Driver quit completed===]]>
            </line>
          </reporter-output>
        </test-method> <!-- exit -->
      </class> <!-- tests.makemytrip.MMTCredentials_01 -->
      <class name="tests.makemytrip.Checkboxtest">
        <test-method status="PASS" signature="initiate()[pri:0, instance:tests.makemytrip.Checkboxtest@1f924f5]" name="initiate" is-config="true" duration-ms="61526" started-at="2019-06-16T06:42:32Z" finished-at="2019-06-16T06:43:34Z">
          <reporter-output>
            <line>
              <![CDATA[======Application opened=====]]>
            </line>
          </reporter-output>
        </test-method> <!-- initiate -->
        <test-method status="PASS" signature="checkbox()[pri:0, instance:tests.makemytrip.Checkboxtest@1f924f5]" name="checkbox" duration-ms="18800" started-at="2019-06-16T06:43:34Z" finished-at="2019-06-16T06:43:53Z">
          <reporter-output>
          </reporter-output>
        </test-method> <!-- checkbox -->
        <test-method status="PASS" signature="exit()[pri:0, instance:tests.makemytrip.Checkboxtest@1f924f5]" name="exit" is-config="true" duration-ms="13888" started-at="2019-06-16T06:43:53Z" finished-at="2019-06-16T06:44:07Z">
          <reporter-output>
            <line>
              <![CDATA[===Driver quit completed===]]>
            </line>
          </reporter-output>
        </test-method> <!-- exit -->
      </class> <!-- tests.makemytrip.Checkboxtest -->
    </test> <!-- tests.makemytrip -->
  </suite> <!-- AppiumProjectMaven by packages -->
</testng-results>
